2016.10.05 09:16:48.320 CAT INFO: *** SYSTEM START ***
2016.10.05 09:16:48.320 CAT CONFIG: Protege 3.0 Build 141, JVM 1.6.0_02-b06, memory=66M, Windows Vista, encoding=UTF-8, language=en, country=ZA -- SystemUtilities.logSystemInfo()
2016.10.05 09:16:48.320 CAT WARNING: Look and feel not found: com.jgoodies.plaf.plastic.PlasticLookAndFeel -- SystemUtilities.loadLookAndFeel()
2016.10.05 09:16:48.332 CAT WARNING: Plugins directory not found: C:\Users\musax\Documents\GitHub\ontoviz\src\main\resources\plugins -- PluginUtilities.getPluginsDir()
2016.10.05 09:16:48.736 CAT WARNING: missing bundle -- BundleHelper.BundleHelper(protege_text, class edu.stanford.smi.protege.resource.LocalizedText)
2016.10.05 09:24:52.662 CAT INFO: Load time for null = 0 sec (project) + 0 sec (ui) -- ProjectManager$2.run()
2016.10.05 09:25:08.145 CAT SEVERE: Uncaught Exception -- java.lang.NoClassDefFoundError: com/jgoodies/plaf/plastic/PlasticTheme
	at edu.stanford.smi.protege.ui.ProjectMenuBar.createLAFMenu(Unknown Source)
	at edu.stanford.smi.protege.ui.ProjectMenuBar.loadWindowMenu(Unknown Source)
	at edu.stanford.smi.protege.ui.ProjectMenuBar.access$100(Unknown Source)
	at edu.stanford.smi.protege.ui.ProjectMenuBar$2.menuSelected(Unknown Source)
	at javax.swing.JMenu.fireMenuSelected(Unknown Source)
	at javax.swing.JMenu$MenuChangeListener.stateChanged(Unknown Source)
	at javax.swing.DefaultButtonModel.fireStateChanged(Unknown Source)
	at javax.swing.DefaultButtonModel.setSelected(Unknown Source)
	at javax.swing.JMenu.setSelected(Unknown Source)
	at javax.swing.JMenu.menuSelectionChanged(Unknown Source)
	at javax.swing.MenuSelectionManager.setSelectedPath(Unknown Source)
	at javax.swing.plaf.basic.BasicMenuUI$Handler.mouseEntered(Unknown Source)
	at java.awt.Component.processMouseEvent(Unknown Source)
	at javax.swing.JComponent.processMouseEvent(Unknown Source)
	at java.awt.Component.processEvent(Unknown Source)
	at java.awt.Container.processEvent(Unknown Source)
	at java.awt.Component.dispatchEventImpl(Unknown Source)
	at java.awt.Container.dispatchEventImpl(Unknown Source)
	at java.awt.Component.dispatchEvent(Unknown Source)
	at java.awt.LightweightDispatcher.retargetMouseEvent(Unknown Source)
	at java.awt.LightweightDispatcher.trackMouseEnterExit(Unknown Source)
	at java.awt.LightweightDispatcher.processMouseEvent(Unknown Source)
	at java.awt.LightweightDispatcher.dispatchEvent(Unknown Source)
	at java.awt.Container.dispatchEventImpl(Unknown Source)
	at java.awt.Window.dispatchEventImpl(Unknown Source)
	at java.awt.Component.dispatchEvent(Unknown Source)
	at java.awt.EventQueue.dispatchEvent(Unknown Source)
	at java.awt.EventDispatchThread.pumpOneEventForFilters(Unknown Source)
	at java.awt.EventDispatchThread.pumpEventsForFilter(Unknown Source)
	at java.awt.EventDispatchThread.pumpEventsForHierarchy(Unknown Source)
	at java.awt.EventDispatchThread.pumpEvents(Unknown Source)
	at java.awt.EventDispatchThread.pumpEvents(Unknown Source)
	at java.awt.EventDispatchThread.run(Unknown Source)

2016.10.05 09:25:28.018 CAT SEVERE: Uncaught Exception -- java.lang.NoClassDefFoundError: com/jgoodies/plaf/plastic/PlasticTheme
	at edu.stanford.smi.protege.ui.ProjectMenuBar.createLAFMenu(Unknown Source)
	at edu.stanford.smi.protege.ui.ProjectMenuBar.loadWindowMenu(Unknown Source)
	at edu.stanford.smi.protege.ui.ProjectMenuBar.access$100(Unknown Source)
	at edu.stanford.smi.protege.ui.ProjectMenuBar$2.menuSelected(Unknown Source)
	at javax.swing.JMenu.fireMenuSelected(Unknown Source)
	at javax.swing.JMenu$MenuChangeListener.stateChanged(Unknown Source)
	at javax.swing.DefaultButtonModel.fireStateChanged(Unknown Source)
	at javax.swing.DefaultButtonModel.setSelected(Unknown Source)
	at javax.swing.JMenu.setSelected(Unknown Source)
	at javax.swing.JMenu.menuSelectionChanged(Unknown Source)
	at javax.swing.MenuSelectionManager.setSelectedPath(Unknown Source)
	at javax.swing.plaf.basic.BasicMenuUI$Handler.mouseEntered(Unknown Source)
	at java.awt.Component.processMouseEvent(Unknown Source)
	at javax.swing.JComponent.processMouseEvent(Unknown Source)
	at java.awt.Component.processEvent(Unknown Source)
	at java.awt.Container.processEvent(Unknown Source)
	at java.awt.Component.dispatchEventImpl(Unknown Source)
	at java.awt.Container.dispatchEventImpl(Unknown Source)
	at java.awt.Component.dispatchEvent(Unknown Source)
	at java.awt.LightweightDispatcher.retargetMouseEvent(Unknown Source)
	at java.awt.LightweightDispatcher.trackMouseEnterExit(Unknown Source)
	at java.awt.LightweightDispatcher.processMouseEvent(Unknown Source)
	at java.awt.LightweightDispatcher.dispatchEvent(Unknown Source)
	at java.awt.Container.dispatchEventImpl(Unknown Source)
	at java.awt.Window.dispatchEventImpl(Unknown Source)
	at java.awt.Component.dispatchEvent(Unknown Source)
	at java.awt.EventQueue.dispatchEvent(Unknown Source)
	at java.awt.EventDispatchThread.pumpOneEventForFilters(Unknown Source)
	at java.awt.EventDispatchThread.pumpEventsForFilter(Unknown Source)
	at java.awt.EventDispatchThread.pumpEventsForHierarchy(Unknown Source)
	at java.awt.EventDispatchThread.pumpEvents(Unknown Source)
	at java.awt.EventDispatchThread.pumpEvents(Unknown Source)
	at java.awt.EventDispatchThread.run(Unknown Source)

2016.10.05 09:26:31.715 CAT SEVERE: Error loading instances -- edu.stanford.smi.protege.storage.clips.ParseException: Encountered "<?xml" at line 1, column 1.
Was expecting one of:
    <EOF> 
    "(" ...
    ";+" ...
    
	at edu.stanford.smi.protege.storage.clips.Parser.generateParseException(Unknown Source)
	at edu.stanford.smi.protege.storage.clips.Parser.jj_consume_token(Unknown Source)
	at edu.stanford.smi.protege.storage.clips.Parser.parseKnowledgeBase(Unknown Source)
	at edu.stanford.smi.protege.storage.clips.Parser.loadInstances(Unknown Source)
	at edu.stanford.smi.protege.storage.clips.ClipsKnowledgeBaseFactory.loadKnowledgeBase(Unknown Source)
	at edu.stanford.smi.protege.storage.clips.ClipsKnowledgeBaseFactory.loadKnowledgeBase(Unknown Source)
	at edu.stanford.smi.protege.model.Project.loadProjectKB(Unknown Source)
	at edu.stanford.smi.protege.model.Project.<init>(Unknown Source)
	at edu.stanford.smi.protege.model.Project.<init>(Unknown Source)
	at edu.stanford.smi.protege.model.Project.loadProjectFromURI(Unknown Source)
	at edu.stanford.smi.protege.ui.ProjectManager.loadProjectFromURI(Unknown Source)
	at edu.stanford.smi.protege.ui.ProjectManager.loadProject(Unknown Source)
	at edu.stanford.smi.protege.ui.ProjectManager.openProjectRequest(Unknown Source)
	at edu.stanford.smi.protege.action.OpenProject.actionPerformed(Unknown Source)
	at javax.swing.AbstractButton.fireActionPerformed(Unknown Source)
	at javax.swing.AbstractButton$Handler.actionPerformed(Unknown Source)
	at javax.swing.DefaultButtonModel.fireActionPerformed(Unknown Source)
	at javax.swing.DefaultButtonModel.setPressed(Unknown Source)
	at javax.swing.plaf.basic.BasicButtonListener.mouseReleased(Unknown Source)
	at java.awt.AWTEventMulticaster.mouseReleased(Unknown Source)
	at java.awt.Component.processMouseEvent(Unknown Source)
	at javax.swing.JComponent.processMouseEvent(Unknown Source)
	at java.awt.Component.processEvent(Unknown Source)
	at java.awt.Container.processEvent(Unknown Source)
	at java.awt.Component.dispatchEventImpl(Unknown Source)
	at java.awt.Container.dispatchEventImpl(Unknown Source)
	at java.awt.Component.dispatchEvent(Unknown Source)
	at java.awt.LightweightDispatcher.retargetMouseEvent(Unknown Source)
	at java.awt.LightweightDispatcher.processMouseEvent(Unknown Source)
	at java.awt.LightweightDispatcher.dispatchEvent(Unknown Source)
	at java.awt.Container.dispatchEventImpl(Unknown Source)
	at java.awt.Window.dispatchEventImpl(Unknown Source)
	at java.awt.Component.dispatchEvent(Unknown Source)
	at java.awt.EventQueue.dispatchEvent(Unknown Source)
	at java.awt.EventDispatchThread.pumpOneEventForFilters(Unknown Source)
	at java.awt.EventDispatchThread.pumpEventsForFilter(Unknown Source)
	at java.awt.EventDispatchThread.pumpEventsForHierarchy(Unknown Source)
	at java.awt.EventDispatchThread.pumpEvents(Unknown Source)
	at java.awt.EventDispatchThread.pumpEvents(Unknown Source)
	at java.awt.EventDispatchThread.run(Unknown Source)

2016.10.05 09:26:31.786 CAT WARNING: no project instance -- Project.getProjectInstance(DefaultKnowledgeBase(KB_826293))
2016.10.05 09:26:31.786 CAT WARNING: no project instance -- Project.getProjectInstance(DefaultKnowledgeBase(KB_826293))
2016.10.05 09:26:31.822 CAT SEVERE: Uncaught Exception -- java.lang.AssertionError: frame
	at edu.stanford.smi.protege.util.Assert.doAssert(Unknown Source)
	at edu.stanford.smi.protege.util.Assert.assertNotNull(Unknown Source)
	at edu.stanford.smi.protege.model.ModelUtilities.getSlot(Unknown Source)
	at edu.stanford.smi.protege.model.ModelUtilities.getDirectOwnSlotValues(Unknown Source)
	at edu.stanford.smi.protege.model.Project.getProjectSlotValues(Unknown Source)
	at edu.stanford.smi.protege.model.Project.getProjectSlotValues(Unknown Source)
	at edu.stanford.smi.protege.model.Project.getTabWidgetDescriptors(Unknown Source)
	at edu.stanford.smi.protege.ui.ProjectView.createTabbedPane(Unknown Source)
	at edu.stanford.smi.protege.ui.ProjectView.<init>(Unknown Source)
	at edu.stanford.smi.protege.ui.ProjectManager.displayCurrentProject(Unknown Source)
	at edu.stanford.smi.protege.ui.ProjectManager.displayCurrentProject(Unknown Source)
	at edu.stanford.smi.protege.ui.ProjectManager.loadProject(Unknown Source)
	at edu.stanford.smi.protege.ui.ProjectManager.openProjectRequest(Unknown Source)
	at edu.stanford.smi.protege.action.OpenProject.actionPerformed(Unknown Source)
	at javax.swing.AbstractButton.fireActionPerformed(Unknown Source)
	at javax.swing.AbstractButton$Handler.actionPerformed(Unknown Source)
	at javax.swing.DefaultButtonModel.fireActionPerformed(Unknown Source)
	at javax.swing.DefaultButtonModel.setPressed(Unknown Source)
	at javax.swing.plaf.basic.BasicButtonListener.mouseReleased(Unknown Source)
	at java.awt.AWTEventMulticaster.mouseReleased(Unknown Source)
	at java.awt.Component.processMouseEvent(Unknown Source)
	at javax.swing.JComponent.processMouseEvent(Unknown Source)
	at java.awt.Component.processEvent(Unknown Source)
	at java.awt.Container.processEvent(Unknown Source)
	at java.awt.Component.dispatchEventImpl(Unknown Source)
	at java.awt.Container.dispatchEventImpl(Unknown Source)
	at java.awt.Component.dispatchEvent(Unknown Source)
	at java.awt.LightweightDispatcher.retargetMouseEvent(Unknown Source)
	at java.awt.LightweightDispatcher.processMouseEvent(Unknown Source)
	at java.awt.LightweightDispatcher.dispatchEvent(Unknown Source)
	at java.awt.Container.dispatchEventImpl(Unknown Source)
	at java.awt.Window.dispatchEventImpl(Unknown Source)
	at java.awt.Component.dispatchEvent(Unknown Source)
	at java.awt.EventQueue.dispatchEvent(Unknown Source)
	at java.awt.EventDispatchThread.pumpOneEventForFilters(Unknown Source)
	at java.awt.EventDispatchThread.pumpEventsForFilter(Unknown Source)
	at java.awt.EventDispatchThread.pumpEventsForHierarchy(Unknown Source)
	at java.awt.EventDispatchThread.pumpEvents(Unknown Source)
	at java.awt.EventDispatchThread.pumpEvents(Unknown Source)
	at java.awt.EventDispatchThread.run(Unknown Source)

2016.10.05 09:26:51.549 CAT SEVERE: Uncaught Exception -- java.lang.NullPointerException
	at edu.stanford.smi.protege.ui.ProjectManager.closeProjectRequest(Unknown Source)
	at edu.stanford.smi.protege.ui.ProjectManager.exitApplicationRequest(Unknown Source)
	at edu.stanford.smi.protege.Application$1.windowClosing(Unknown Source)
	at java.awt.AWTEventMulticaster.windowClosing(Unknown Source)
	at java.awt.Window.processWindowEvent(Unknown Source)
	at javax.swing.JFrame.processWindowEvent(Unknown Source)
	at java.awt.Window.processEvent(Unknown Source)
	at java.awt.Component.dispatchEventImpl(Unknown Source)
	at java.awt.Container.dispatchEventImpl(Unknown Source)
	at java.awt.Window.dispatchEventImpl(Unknown Source)
	at java.awt.Component.dispatchEvent(Unknown Source)
	at java.awt.EventQueue.dispatchEvent(Unknown Source)
	at java.awt.EventDispatchThread.pumpOneEventForFilters(Unknown Source)
	at java.awt.EventDispatchThread.pumpEventsForFilter(Unknown Source)
	at java.awt.EventDispatchThread.pumpEventsForHierarchy(Unknown Source)
	at java.awt.EventDispatchThread.pumpEvents(Unknown Source)
	at java.awt.EventDispatchThread.pumpEvents(Unknown Source)
	at java.awt.EventDispatchThread.run(Unknown Source)

2016.10.05 09:26:58.034 CAT SEVERE: Uncaught Exception -- java.lang.NullPointerException
	at edu.stanford.smi.protege.ui.ProjectManager.closeProjectRequest(Unknown Source)
	at edu.stanford.smi.protege.ui.ProjectManager.exitApplicationRequest(Unknown Source)
	at edu.stanford.smi.protege.Application$1.windowClosing(Unknown Source)
	at java.awt.AWTEventMulticaster.windowClosing(Unknown Source)
	at java.awt.Window.processWindowEvent(Unknown Source)
	at javax.swing.JFrame.processWindowEvent(Unknown Source)
	at java.awt.Window.processEvent(Unknown Source)
	at java.awt.Component.dispatchEventImpl(Unknown Source)
	at java.awt.Container.dispatchEventImpl(Unknown Source)
	at java.awt.Window.dispatchEventImpl(Unknown Source)
	at java.awt.Component.dispatchEvent(Unknown Source)
	at java.awt.EventQueue.dispatchEvent(Unknown Source)
	at java.awt.EventDispatchThread.pumpOneEventForFilters(Unknown Source)
	at java.awt.EventDispatchThread.pumpEventsForFilter(Unknown Source)
	at java.awt.EventDispatchThread.pumpEventsForHierarchy(Unknown Source)
	at java.awt.EventDispatchThread.pumpEvents(Unknown Source)
	at java.awt.EventDispatchThread.pumpEvents(Unknown Source)
	at java.awt.EventDispatchThread.run(Unknown Source)

2016.10.05 09:27:01.729 CAT SEVERE: Uncaught Exception -- java.lang.AssertionError: frame
	at edu.stanford.smi.protege.util.Assert.doAssert(Unknown Source)
	at edu.stanford.smi.protege.util.Assert.assertNotNull(Unknown Source)
	at edu.stanford.smi.protege.model.ModelUtilities.getSlot(Unknown Source)
	at edu.stanford.smi.protege.model.ModelUtilities.getDirectOwnSlotValue(Unknown Source)
	at edu.stanford.smi.protege.model.Project.getProjectSlotValue(Unknown Source)
	at edu.stanford.smi.protege.model.Project.getProjectSlotValue(Unknown Source)
	at edu.stanford.smi.protege.model.Project.getSources(Unknown Source)
	at edu.stanford.smi.protege.model.Project.getKnowledgeBaseFactory(Unknown Source)
	at edu.stanford.smi.protege.model.Project.hasCompleteSources(Unknown Source)
	at edu.stanford.smi.protege.ui.ProjectManager.saveProjectRequest(Unknown Source)
	at edu.stanford.smi.protege.ui.ProjectManager.confirmSave(Unknown Source)
	at edu.stanford.smi.protege.ui.ProjectManager.closeProjectRequest(Unknown Source)
	at edu.stanford.smi.protege.ui.ProjectManager.exitApplicationRequest(Unknown Source)
	at edu.stanford.smi.protege.Application$1.windowClosing(Unknown Source)
	at java.awt.AWTEventMulticaster.windowClosing(Unknown Source)
	at java.awt.Window.processWindowEvent(Unknown Source)
	at javax.swing.JFrame.processWindowEvent(Unknown Source)
	at java.awt.Window.processEvent(Unknown Source)
	at java.awt.Component.dispatchEventImpl(Unknown Source)
	at java.awt.Container.dispatchEventImpl(Unknown Source)
	at java.awt.Window.dispatchEventImpl(Unknown Source)
	at java.awt.Component.dispatchEvent(Unknown Source)
	at java.awt.EventQueue.dispatchEvent(Unknown Source)
	at java.awt.EventDispatchThread.pumpOneEventForFilters(Unknown Source)
	at java.awt.EventDispatchThread.pumpEventsForFilter(Unknown Source)
	at java.awt.EventDispatchThread.pumpEventsForHierarchy(Unknown Source)
	at java.awt.EventDispatchThread.pumpEvents(Unknown Source)
	at java.awt.EventDispatchThread.pumpEvents(Unknown Source)
	at java.awt.EventDispatchThread.run(Unknown Source)

2016.10.05 09:27:11.101 CAT SEVERE: Uncaught Exception -- java.lang.AssertionError: frame
	at edu.stanford.smi.protege.util.Assert.doAssert(Unknown Source)
	at edu.stanford.smi.protege.util.Assert.assertNotNull(Unknown Source)
	at edu.stanford.smi.protege.model.ModelUtilities.getSlot(Unknown Source)
	at edu.stanford.smi.protege.model.ModelUtilities.getDirectOwnSlotValue(Unknown Source)
	at edu.stanford.smi.protege.model.Project.getProjectSlotValue(Unknown Source)
	at edu.stanford.smi.protege.model.Project.getProjectSlotValue(Unknown Source)
	at edu.stanford.smi.protege.model.Project.getSources(Unknown Source)
	at edu.stanford.smi.protege.model.Project.getKnowledgeBaseFactory(Unknown Source)
	at edu.stanford.smi.protege.model.Project.hasCompleteSources(Unknown Source)
	at edu.stanford.smi.protege.ui.ProjectManager.saveProjectRequest(Unknown Source)
	at edu.stanford.smi.protege.ui.ProjectManager.confirmSave(Unknown Source)
	at edu.stanford.smi.protege.ui.ProjectManager.closeProjectRequest(Unknown Source)
	at edu.stanford.smi.protege.ui.ProjectManager.exitApplicationRequest(Unknown Source)
	at edu.stanford.smi.protege.Application$1.windowClosing(Unknown Source)
	at java.awt.AWTEventMulticaster.windowClosing(Unknown Source)
	at java.awt.Window.processWindowEvent(Unknown Source)
	at javax.swing.JFrame.processWindowEvent(Unknown Source)
	at java.awt.Window.processEvent(Unknown Source)
	at java.awt.Component.dispatchEventImpl(Unknown Source)
	at java.awt.Container.dispatchEventImpl(Unknown Source)
	at java.awt.Window.dispatchEventImpl(Unknown Source)
	at java.awt.Component.dispatchEvent(Unknown Source)
	at java.awt.EventQueue.dispatchEvent(Unknown Source)
	at java.awt.EventDispatchThread.pumpOneEventForFilters(Unknown Source)
	at java.awt.EventDispatchThread.pumpEventsForFilter(Unknown Source)
	at java.awt.EventDispatchThread.pumpEventsForHierarchy(Unknown Source)
	at java.awt.EventDispatchThread.pumpEvents(Unknown Source)
	at java.awt.EventDispatchThread.pumpEvents(Unknown Source)
	at java.awt.EventDispatchThread.run(Unknown Source)

2016.10.05 09:45:00.127 CAT INFO: *** SYSTEM START ***
2016.10.05 09:45:00.131 CAT CONFIG: Protege 3.0 Build 141, JVM 1.6.0_02-b06, memory=66M, Windows Vista, encoding=UTF-8, language=en, country=ZA -- SystemUtilities.logSystemInfo()
2016.10.05 09:45:00.131 CAT WARNING: Look and feel not found: com.jgoodies.plaf.plastic.PlasticLookAndFeel -- SystemUtilities.loadLookAndFeel()
2016.10.05 09:45:00.151 CAT WARNING: Plugins directory not found: C:\Users\musax\Documents\GitHub\ontoviz\src\main\resources\plugins -- PluginUtilities.getPluginsDir()
2016.10.05 09:45:00.400 CAT WARNING: missing bundle -- BundleHelper.BundleHelper(protege_text, class edu.stanford.smi.protege.resource.LocalizedText)
2016.10.05 09:46:01.013 CAT SEVERE: Uncaught Exception -- java.lang.NoClassDefFoundError: com/jgoodies/plaf/plastic/PlasticTheme
	at edu.stanford.smi.protege.ui.ProjectMenuBar.createLAFMenu(Unknown Source)
	at edu.stanford.smi.protege.ui.ProjectMenuBar.loadWindowMenu(Unknown Source)
	at edu.stanford.smi.protege.ui.ProjectMenuBar.access$100(Unknown Source)
	at edu.stanford.smi.protege.ui.ProjectMenuBar$2.menuSelected(Unknown Source)
	at javax.swing.JMenu.fireMenuSelected(Unknown Source)
	at javax.swing.JMenu$MenuChangeListener.stateChanged(Unknown Source)
	at javax.swing.DefaultButtonModel.fireStateChanged(Unknown Source)
	at javax.swing.DefaultButtonModel.setSelected(Unknown Source)
	at javax.swing.JMenu.setSelected(Unknown Source)
	at javax.swing.JMenu.menuSelectionChanged(Unknown Source)
	at javax.swing.MenuSelectionManager.setSelectedPath(Unknown Source)
	at javax.swing.plaf.basic.BasicMenuUI$Handler.mousePressed(Unknown Source)
	at java.awt.Component.processMouseEvent(Unknown Source)
	at javax.swing.JComponent.processMouseEvent(Unknown Source)
	at java.awt.Component.processEvent(Unknown Source)
	at java.awt.Container.processEvent(Unknown Source)
	at java.awt.Component.dispatchEventImpl(Unknown Source)
	at java.awt.Container.dispatchEventImpl(Unknown Source)
	at java.awt.Component.dispatchEvent(Unknown Source)
	at java.awt.LightweightDispatcher.retargetMouseEvent(Unknown Source)
	at java.awt.LightweightDispatcher.processMouseEvent(Unknown Source)
	at java.awt.LightweightDispatcher.dispatchEvent(Unknown Source)
	at java.awt.Container.dispatchEventImpl(Unknown Source)
	at java.awt.Window.dispatchEventImpl(Unknown Source)
	at java.awt.Component.dispatchEvent(Unknown Source)
	at java.awt.EventQueue.dispatchEvent(Unknown Source)
	at java.awt.EventDispatchThread.pumpOneEventForFilters(Unknown Source)
	at java.awt.EventDispatchThread.pumpEventsForFilter(Unknown Source)
	at java.awt.EventDispatchThread.pumpEventsForHierarchy(Unknown Source)
	at java.awt.EventDispatchThread.pumpEvents(Unknown Source)
	at java.awt.EventDispatchThread.pumpEvents(Unknown Source)
	at java.awt.EventDispatchThread.run(Unknown Source)

2016.10.05 09:53:38.389 CAT INFO: *** SYSTEM START ***
2016.10.05 09:53:38.391 CAT CONFIG: Protege 3.0 Build 141, JVM 1.6.0_02-b06, memory=66M, Windows Vista, encoding=UTF-8, language=en, country=ZA -- SystemUtilities.logSystemInfo()
2016.10.05 09:53:38.392 CAT WARNING: Look and feel not found: com.jgoodies.plaf.plastic.PlasticLookAndFeel -- SystemUtilities.loadLookAndFeel()
2016.10.05 09:53:38.405 CAT WARNING: Plugins directory not found: C:\Users\musax\Documents\GitHub\ontoviz\src\main\resources\plugins -- PluginUtilities.getPluginsDir()
2016.10.05 09:53:38.593 CAT WARNING: missing bundle -- BundleHelper.BundleHelper(protege_text, class edu.stanford.smi.protege.resource.LocalizedText)
2016.10.05 09:55:42.825 CAT INFO: Load time for file:\C:\Users\musax\Downloads\Wines\wines.pprj = 0 sec (project) + 0 sec (ui) -- ProjectManager$2.run()
2016.10.05 09:55:51.351 CAT SEVERE: Uncaught Exception -- java.lang.NoClassDefFoundError: com/jgoodies/plaf/plastic/PlasticTheme
	at edu.stanford.smi.protege.ui.ProjectMenuBar.createLAFMenu(Unknown Source)
	at edu.stanford.smi.protege.ui.ProjectMenuBar.loadWindowMenu(Unknown Source)
	at edu.stanford.smi.protege.ui.ProjectMenuBar.access$100(Unknown Source)
	at edu.stanford.smi.protege.ui.ProjectMenuBar$2.menuSelected(Unknown Source)
	at javax.swing.JMenu.fireMenuSelected(Unknown Source)
	at javax.swing.JMenu$MenuChangeListener.stateChanged(Unknown Source)
	at javax.swing.DefaultButtonModel.fireStateChanged(Unknown Source)
	at javax.swing.DefaultButtonModel.setSelected(Unknown Source)
	at javax.swing.JMenu.setSelected(Unknown Source)
	at javax.swing.JMenu.menuSelectionChanged(Unknown Source)
	at javax.swing.MenuSelectionManager.setSelectedPath(Unknown Source)
	at javax.swing.plaf.basic.BasicMenuUI$Handler.mouseEntered(Unknown Source)
	at java.awt.Component.processMouseEvent(Unknown Source)
	at javax.swing.JComponent.processMouseEvent(Unknown Source)
	at java.awt.Component.processEvent(Unknown Source)
	at java.awt.Container.processEvent(Unknown Source)
	at java.awt.Component.dispatchEventImpl(Unknown Source)
	at java.awt.Container.dispatchEventImpl(Unknown Source)
	at java.awt.Component.dispatchEvent(Unknown Source)
	at java.awt.LightweightDispatcher.retargetMouseEvent(Unknown Source)
	at java.awt.LightweightDispatcher.trackMouseEnterExit(Unknown Source)
	at java.awt.LightweightDispatcher.processMouseEvent(Unknown Source)
	at java.awt.LightweightDispatcher.dispatchEvent(Unknown Source)
	at java.awt.Container.dispatchEventImpl(Unknown Source)
	at java.awt.Window.dispatchEventImpl(Unknown Source)
	at java.awt.Component.dispatchEvent(Unknown Source)
	at java.awt.EventQueue.dispatchEvent(Unknown Source)
	at java.awt.EventDispatchThread.pumpOneEventForFilters(Unknown Source)
	at java.awt.EventDispatchThread.pumpEventsForFilter(Unknown Source)
	at java.awt.EventDispatchThread.pumpEventsForHierarchy(Unknown Source)
	at java.awt.EventDispatchThread.pumpEvents(Unknown Source)
	at java.awt.EventDispatchThread.pumpEvents(Unknown Source)
	at java.awt.EventDispatchThread.run(Unknown Source)

2016.10.05 09:56:05.929 CAT SEVERE: Uncaught Exception -- java.lang.NoClassDefFoundError: com/jgoodies/plaf/plastic/PlasticTheme
	at edu.stanford.smi.protege.ui.ProjectMenuBar.createLAFMenu(Unknown Source)
	at edu.stanford.smi.protege.ui.ProjectMenuBar.loadWindowMenu(Unknown Source)
	at edu.stanford.smi.protege.ui.ProjectMenuBar.access$100(Unknown Source)
	at edu.stanford.smi.protege.ui.ProjectMenuBar$2.menuSelected(Unknown Source)
	at javax.swing.JMenu.fireMenuSelected(Unknown Source)
	at javax.swing.JMenu$MenuChangeListener.stateChanged(Unknown Source)
	at javax.swing.DefaultButtonModel.fireStateChanged(Unknown Source)
	at javax.swing.DefaultButtonModel.setSelected(Unknown Source)
	at javax.swing.JMenu.setSelected(Unknown Source)
	at javax.swing.JMenu.menuSelectionChanged(Unknown Source)
	at javax.swing.MenuSelectionManager.setSelectedPath(Unknown Source)
	at javax.swing.plaf.basic.BasicMenuUI$Handler.mouseEntered(Unknown Source)
	at java.awt.Component.processMouseEvent(Unknown Source)
	at javax.swing.JComponent.processMouseEvent(Unknown Source)
	at java.awt.Component.processEvent(Unknown Source)
	at java.awt.Container.processEvent(Unknown Source)
	at java.awt.Component.dispatchEventImpl(Unknown Source)
	at java.awt.Container.dispatchEventImpl(Unknown Source)
	at java.awt.Component.dispatchEvent(Unknown Source)
	at java.awt.LightweightDispatcher.retargetMouseEvent(Unknown Source)
	at java.awt.LightweightDispatcher.trackMouseEnterExit(Unknown Source)
	at java.awt.LightweightDispatcher.processMouseEvent(Unknown Source)
	at java.awt.LightweightDispatcher.dispatchEvent(Unknown Source)
	at java.awt.Container.dispatchEventImpl(Unknown Source)
	at java.awt.Window.dispatchEventImpl(Unknown Source)
	at java.awt.Component.dispatchEvent(Unknown Source)
	at java.awt.EventQueue.dispatchEvent(Unknown Source)
	at java.awt.EventDispatchThread.pumpOneEventForFilters(Unknown Source)
	at java.awt.EventDispatchThread.pumpEventsForFilter(Unknown Source)
	at java.awt.EventDispatchThread.pumpEventsForHierarchy(Unknown Source)
	at java.awt.EventDispatchThread.pumpEvents(Unknown Source)
	at java.awt.EventDispatchThread.pumpEvents(Unknown Source)
	at java.awt.EventDispatchThread.run(Unknown Source)

2016.10.05 09:56:08.781 CAT SEVERE: Uncaught Exception -- java.lang.NoClassDefFoundError: com/jgoodies/plaf/plastic/PlasticTheme
	at edu.stanford.smi.protege.ui.ProjectMenuBar.createLAFMenu(Unknown Source)
	at edu.stanford.smi.protege.ui.ProjectMenuBar.loadWindowMenu(Unknown Source)
	at edu.stanford.smi.protege.ui.ProjectMenuBar.access$100(Unknown Source)
	at edu.stanford.smi.protege.ui.ProjectMenuBar$2.menuSelected(Unknown Source)
	at javax.swing.JMenu.fireMenuSelected(Unknown Source)
	at javax.swing.JMenu$MenuChangeListener.stateChanged(Unknown Source)
	at javax.swing.DefaultButtonModel.fireStateChanged(Unknown Source)
	at javax.swing.DefaultButtonModel.setSelected(Unknown Source)
	at javax.swing.JMenu.setSelected(Unknown Source)
	at javax.swing.JMenu.menuSelectionChanged(Unknown Source)
	at javax.swing.MenuSelectionManager.setSelectedPath(Unknown Source)
	at javax.swing.plaf.basic.BasicMenuUI$Handler.mouseEntered(Unknown Source)
	at java.awt.Component.processMouseEvent(Unknown Source)
	at javax.swing.JComponent.processMouseEvent(Unknown Source)
	at java.awt.Component.processEvent(Unknown Source)
	at java.awt.Container.processEvent(Unknown Source)
	at java.awt.Component.dispatchEventImpl(Unknown Source)
	at java.awt.Container.dispatchEventImpl(Unknown Source)
	at java.awt.Component.dispatchEvent(Unknown Source)
	at java.awt.LightweightDispatcher.retargetMouseEvent(Unknown Source)
	at java.awt.LightweightDispatcher.trackMouseEnterExit(Unknown Source)
	at java.awt.LightweightDispatcher.processMouseEvent(Unknown Source)
	at java.awt.LightweightDispatcher.dispatchEvent(Unknown Source)
	at java.awt.Container.dispatchEventImpl(Unknown Source)
	at java.awt.Window.dispatchEventImpl(Unknown Source)
	at java.awt.Component.dispatchEvent(Unknown Source)
	at java.awt.EventQueue.dispatchEvent(Unknown Source)
	at java.awt.EventDispatchThread.pumpOneEventForFilters(Unknown Source)
	at java.awt.EventDispatchThread.pumpEventsForFilter(Unknown Source)
	at java.awt.EventDispatchThread.pumpEventsForHierarchy(Unknown Source)
	at java.awt.EventDispatchThread.pumpEvents(Unknown Source)
	at java.awt.EventDispatchThread.pumpEvents(Unknown Source)
	at java.awt.EventDispatchThread.run(Unknown Source)

2016.10.05 09:59:53.382 CAT INFO: *** SYSTEM START ***
2016.10.05 09:59:53.384 CAT CONFIG: Protege 3.0 Build 141, JVM 1.6.0_02-b06, memory=66M, Windows Vista, encoding=UTF-8, language=en, country=ZA -- SystemUtilities.logSystemInfo()
2016.10.05 09:59:53.385 CAT WARNING: Look and feel not found: com.jgoodies.plaf.plastic.PlasticLookAndFeel -- SystemUtilities.loadLookAndFeel()
2016.10.05 09:59:53.393 CAT WARNING: Plugins directory not found: C:\Users\musax\Documents\GitHub\ontoviz\src\main\resources\plugins -- PluginUtilities.getPluginsDir()
2016.10.05 09:59:53.583 CAT WARNING: missing bundle -- BundleHelper.BundleHelper(protege_text, class edu.stanford.smi.protege.resource.LocalizedText)
2016.10.05 10:00:13.355 CAT SEVERE: Uncaught Exception -- java.lang.NoClassDefFoundError: com/jgoodies/plaf/plastic/PlasticTheme
	at edu.stanford.smi.protege.ui.ProjectMenuBar.createLAFMenu(Unknown Source)
	at edu.stanford.smi.protege.ui.ProjectMenuBar.loadWindowMenu(Unknown Source)
	at edu.stanford.smi.protege.ui.ProjectMenuBar.access$100(Unknown Source)
	at edu.stanford.smi.protege.ui.ProjectMenuBar$2.menuSelected(Unknown Source)
	at javax.swing.JMenu.fireMenuSelected(Unknown Source)
	at javax.swing.JMenu$MenuChangeListener.stateChanged(Unknown Source)
	at javax.swing.DefaultButtonModel.fireStateChanged(Unknown Source)
	at javax.swing.DefaultButtonModel.setSelected(Unknown Source)
	at javax.swing.JMenu.setSelected(Unknown Source)
	at javax.swing.JMenu.menuSelectionChanged(Unknown Source)
	at javax.swing.MenuSelectionManager.setSelectedPath(Unknown Source)
	at javax.swing.plaf.basic.BasicMenuUI$Handler.mouseEntered(Unknown Source)
	at java.awt.Component.processMouseEvent(Unknown Source)
	at javax.swing.JComponent.processMouseEvent(Unknown Source)
	at java.awt.Component.processEvent(Unknown Source)
	at java.awt.Container.processEvent(Unknown Source)
	at java.awt.Component.dispatchEventImpl(Unknown Source)
	at java.awt.Container.dispatchEventImpl(Unknown Source)
	at java.awt.Component.dispatchEvent(Unknown Source)
	at java.awt.LightweightDispatcher.retargetMouseEvent(Unknown Source)
	at java.awt.LightweightDispatcher.trackMouseEnterExit(Unknown Source)
	at java.awt.LightweightDispatcher.processMouseEvent(Unknown Source)
	at java.awt.LightweightDispatcher.dispatchEvent(Unknown Source)
	at java.awt.Container.dispatchEventImpl(Unknown Source)
	at java.awt.Window.dispatchEventImpl(Unknown Source)
	at java.awt.Component.dispatchEvent(Unknown Source)
	at java.awt.EventQueue.dispatchEvent(Unknown Source)
	at java.awt.EventDispatchThread.pumpOneEventForFilters(Unknown Source)
	at java.awt.EventDispatchThread.pumpEventsForFilter(Unknown Source)
	at java.awt.EventDispatchThread.pumpEventsForHierarchy(Unknown Source)
	at java.awt.EventDispatchThread.pumpEvents(Unknown Source)
	at java.awt.EventDispatchThread.pumpEvents(Unknown Source)
	at java.awt.EventDispatchThread.run(Unknown Source)

2016.10.05 10:00:17.699 CAT INFO: Load time for file:\C:\Users\musax\Downloads\Wines\wines.pprj = 0 sec (project) + 0 sec (ui) -- ProjectManager$2.run()
2016.10.05 10:00:33.363 CAT SEVERE: Uncaught Exception -- java.lang.NoClassDefFoundError: com/jgoodies/plaf/plastic/PlasticTheme
	at edu.stanford.smi.protege.ui.ProjectMenuBar.createLAFMenu(Unknown Source)
	at edu.stanford.smi.protege.ui.ProjectMenuBar.loadWindowMenu(Unknown Source)
	at edu.stanford.smi.protege.ui.ProjectMenuBar.access$100(Unknown Source)
	at edu.stanford.smi.protege.ui.ProjectMenuBar$2.menuSelected(Unknown Source)
	at javax.swing.JMenu.fireMenuSelected(Unknown Source)
	at javax.swing.JMenu$MenuChangeListener.stateChanged(Unknown Source)
	at javax.swing.DefaultButtonModel.fireStateChanged(Unknown Source)
	at javax.swing.DefaultButtonModel.setSelected(Unknown Source)
	at javax.swing.JMenu.setSelected(Unknown Source)
	at javax.swing.JMenu.menuSelectionChanged(Unknown Source)
	at javax.swing.MenuSelectionManager.setSelectedPath(Unknown Source)
	at javax.swing.plaf.basic.BasicMenuUI$Handler.mouseEntered(Unknown Source)
	at java.awt.Component.processMouseEvent(Unknown Source)
	at javax.swing.JComponent.processMouseEvent(Unknown Source)
	at java.awt.Component.processEvent(Unknown Source)
	at java.awt.Container.processEvent(Unknown Source)
	at java.awt.Component.dispatchEventImpl(Unknown Source)
	at java.awt.Container.dispatchEventImpl(Unknown Source)
	at java.awt.Component.dispatchEvent(Unknown Source)
	at java.awt.LightweightDispatcher.retargetMouseEvent(Unknown Source)
	at java.awt.LightweightDispatcher.trackMouseEnterExit(Unknown Source)
	at java.awt.LightweightDispatcher.processMouseEvent(Unknown Source)
	at java.awt.LightweightDispatcher.dispatchEvent(Unknown Source)
	at java.awt.Container.dispatchEventImpl(Unknown Source)
	at java.awt.Window.dispatchEventImpl(Unknown Source)
	at java.awt.Component.dispatchEvent(Unknown Source)
	at java.awt.EventQueue.dispatchEvent(Unknown Source)
	at java.awt.EventDispatchThread.pumpOneEventForFilters(Unknown Source)
	at java.awt.EventDispatchThread.pumpEventsForFilter(Unknown Source)
	at java.awt.EventDispatchThread.pumpEventsForHierarchy(Unknown Source)
	at java.awt.EventDispatchThread.pumpEvents(Unknown Source)
	at java.awt.EventDispatchThread.pumpEvents(Unknown Source)
	at java.awt.EventDispatchThread.run(Unknown Source)

