2016.10.05 01:19:09.855 CAT INFO: *** SYSTEM START ***
2016.10.05 01:19:09.860 CAT CONFIG: Protege 3.0 Build 141, JVM 1.8.0_101-b13, memory=934M, Windows 10, encoding=UTF-8, language=en, country=ZA -- SystemUtilities.logSystemInfo()
2016.10.05 01:19:09.862 CAT WARNING: Look and feel not found: com.jgoodies.plaf.plastic.PlasticLookAndFeel -- SystemUtilities.loadLookAndFeel()
2016.10.05 01:19:09.910 CAT WARNING: Plugins directory not found: C:\Users\musax\Documents\GitHub\ontoviz\plugins -- PluginUtilities.getPluginsDir()
2016.10.05 01:19:12.017 CAT WARNING: missing bundle -- BundleHelper.BundleHelper(protege_text, class edu.stanford.smi.protege.resource.LocalizedText)
2016.10.05 01:19:13.873 CAT INFO: Load time for file:\C:\Users\musax\AppData\Local\Temp\test\test3632091166445961738.pprj = 0 sec (project) + 1 sec (ui) -- ProjectManager$2.run()
2016.10.05 01:20:35.183 CAT INFO: *** SYSTEM START ***
2016.10.05 01:20:35.187 CAT CONFIG: Protege 3.0 Build 141, JVM 1.8.0_101-b13, memory=934M, Windows 10, encoding=UTF-8, language=en, country=ZA -- SystemUtilities.logSystemInfo()
2016.10.05 01:20:35.190 CAT WARNING: Look and feel not found: com.jgoodies.plaf.plastic.PlasticLookAndFeel -- SystemUtilities.loadLookAndFeel()
2016.10.05 01:20:35.217 CAT WARNING: Plugins directory not found: C:\Users\musax\Documents\GitHub\ontoviz\plugins -- PluginUtilities.getPluginsDir()
2016.10.05 01:20:36.802 CAT WARNING: missing bundle -- BundleHelper.BundleHelper(protege_text, class edu.stanford.smi.protege.resource.LocalizedText)
2016.10.05 01:20:38.458 CAT INFO: Load time for file:\C:\Users\musax\AppData\Local\Temp\test\test3096556463715767693.pprj = 0 sec (project) + 1 sec (ui) -- ProjectManager$2.run()
2016.10.05 01:32:09.501 CAT INFO: *** SYSTEM START ***
2016.10.05 01:32:09.507 CAT CONFIG: Protege 3.0 Build 141, JVM 1.8.0_101-b13, memory=934M, Windows 10, encoding=UTF-8, language=en, country=ZA -- SystemUtilities.logSystemInfo()
2016.10.05 01:32:09.509 CAT WARNING: Look and feel not found: com.jgoodies.plaf.plastic.PlasticLookAndFeel -- SystemUtilities.loadLookAndFeel()
2016.10.05 01:32:09.542 CAT WARNING: Plugins directory not found: C:\Users\musax\Documents\GitHub\ontoviz\plugins -- PluginUtilities.getPluginsDir()
2016.10.05 01:32:11.443 CAT WARNING: missing bundle -- BundleHelper.BundleHelper(protege_text, class edu.stanford.smi.protege.resource.LocalizedText)
2016.10.05 01:32:13.320 CAT INFO: Load time for file:\C:\Users\musax\AppData\Local\Temp\test\test7849744192645662500.pprj = 0 sec (project) + 1 sec (ui) -- ProjectManager$2.run()
2016.10.05 01:48:03.945 CAT INFO: *** SYSTEM START ***
2016.10.05 01:48:03.950 CAT CONFIG: Protege 3.0 Build 141, JVM 1.8.0_101-b13, memory=934M, Windows 10, encoding=UTF-8, language=en, country=ZA -- SystemUtilities.logSystemInfo()
2016.10.05 01:48:03.954 CAT WARNING: Look and feel not found: com.jgoodies.plaf.plastic.PlasticLookAndFeel -- SystemUtilities.loadLookAndFeel()
2016.10.05 01:48:04.002 CAT WARNING: Plugins directory not found: C:\Users\musax\Documents\GitHub\ontoviz\plugins -- PluginUtilities.getPluginsDir()
2016.10.05 01:48:08.420 CAT WARNING: missing bundle -- BundleHelper.BundleHelper(protege_text, class edu.stanford.smi.protege.resource.LocalizedText)
2016.10.05 01:48:10.084 CAT INFO: Load time for file:\C:\Users\musax\AppData\Local\Temp\test\test7662487178158656500.pprj = 0 sec (project) + 1 sec (ui) -- ProjectManager$2.run()
2016.10.05 01:56:54.726 CAT INFO: *** SYSTEM START ***
2016.10.05 01:56:54.731 CAT CONFIG: Protege 3.0 Build 141, JVM 1.8.0_101-b13, memory=934M, Windows 10, encoding=UTF-8, language=en, country=ZA -- SystemUtilities.logSystemInfo()
2016.10.05 01:56:54.734 CAT WARNING: Look and feel not found: com.jgoodies.plaf.plastic.PlasticLookAndFeel -- SystemUtilities.loadLookAndFeel()
2016.10.05 01:56:54.771 CAT WARNING: Plugins directory not found: C:\Users\musax\Documents\GitHub\ontoviz\plugins -- PluginUtilities.getPluginsDir()
2016.10.05 01:56:56.691 CAT WARNING: missing bundle -- BundleHelper.BundleHelper(protege_text, class edu.stanford.smi.protege.resource.LocalizedText)
2016.10.05 01:56:58.213 CAT INFO: Load time for file:\C:\Users\musax\AppData\Local\Temp\test\test8779501604599218685.pprj = 0 sec (project) + 1 sec (ui) -- ProjectManager$2.run()
2016.10.05 02:23:34.713 CAT INFO: *** SYSTEM START ***
2016.10.05 02:23:34.718 CAT CONFIG: Protege 3.0 Build 141, JVM 1.8.0_101-b13, memory=934M, Windows 10, encoding=UTF-8, language=en, country=ZA -- SystemUtilities.logSystemInfo()
2016.10.05 02:23:34.721 CAT WARNING: Look and feel not found: com.jgoodies.plaf.plastic.PlasticLookAndFeel -- SystemUtilities.loadLookAndFeel()
2016.10.05 02:23:34.749 CAT WARNING: Plugins directory not found: C:\Users\musax\Documents\GitHub\ontoviz\plugins -- PluginUtilities.getPluginsDir()
2016.10.05 02:23:37.359 CAT WARNING: missing bundle -- BundleHelper.BundleHelper(protege_text, class edu.stanford.smi.protege.resource.LocalizedText)
2016.10.05 02:23:39.063 CAT INFO: Load time for file:\C:\Users\musax\AppData\Local\Temp\test\test1586107006712077149.pprj = 0 sec (project) + 1 sec (ui) -- ProjectManager$2.run()
2016.10.05 02:23:41.902 CAT SEVERE: Error loading instances -- edu.stanford.smi.protege.storage.clips.ParseException: Encountered "<?xml" at line 1, column 1.
Was expecting one of:
    <EOF> 
    "(" ...
    ";+" ...
    
	at edu.stanford.smi.protege.storage.clips.Parser.generateParseException(Unknown Source)
	at edu.stanford.smi.protege.storage.clips.Parser.jj_consume_token(Unknown Source)
	at edu.stanford.smi.protege.storage.clips.Parser.parseKnowledgeBase(Unknown Source)
	at edu.stanford.smi.protege.storage.clips.Parser.loadInstances(Unknown Source)
	at edu.stanford.smi.protege.storage.clips.ClipsKnowledgeBaseFactory.loadKnowledgeBase(Unknown Source)
	at edu.stanford.smi.protege.storage.clips.ClipsKnowledgeBaseFactory.loadKnowledgeBase(Unknown Source)
	at edu.stanford.smi.protege.model.Project.loadProjectKB(Unknown Source)
	at edu.stanford.smi.protege.model.Project.<init>(Unknown Source)
	at edu.stanford.smi.protege.model.Project.<init>(Unknown Source)
	at edu.stanford.smi.protege.model.Project.loadProjectFromURI(Unknown Source)
	at edu.stanford.smi.protege.ui.ProjectManager.loadProjectFromURI(Unknown Source)
	at edu.stanford.smi.protege.ui.ProjectManager.loadProject(Unknown Source)
	at org.protege.ontoviz.OntoVizActionsTest.testHori(OntoVizActionsTest.java:36)
	at sun.reflect.NativeMethodAccessorImpl.invoke0(Native Method)
	at sun.reflect.NativeMethodAccessorImpl.invoke(NativeMethodAccessorImpl.java:62)
	at sun.reflect.DelegatingMethodAccessorImpl.invoke(DelegatingMethodAccessorImpl.java:43)
	at java.lang.reflect.Method.invoke(Method.java:498)
	at junit.framework.TestCase.runTest(TestCase.java:168)
	at junit.framework.TestCase.runBare(TestCase.java:134)
	at junit.framework.TestResult$1.protect(TestResult.java:110)
	at junit.framework.TestResult.runProtected(TestResult.java:128)
	at junit.framework.TestResult.run(TestResult.java:113)
	at junit.framework.TestCase.run(TestCase.java:124)
	at junit.framework.TestSuite.runTest(TestSuite.java:232)
	at junit.framework.TestSuite.run(TestSuite.java:227)
	at org.junit.internal.runners.JUnit38ClassRunner.run(JUnit38ClassRunner.java:79)
	at org.apache.maven.surefire.junit4.JUnit4Provider.execute(JUnit4Provider.java:367)
	at org.apache.maven.surefire.junit4.JUnit4Provider.executeWithRerun(JUnit4Provider.java:274)
	at org.apache.maven.surefire.junit4.JUnit4Provider.executeTestSet(JUnit4Provider.java:238)
	at org.apache.maven.surefire.junit4.JUnit4Provider.invoke(JUnit4Provider.java:161)
	at org.apache.maven.surefire.booter.ForkedBooter.invokeProviderInSameClassLoader(ForkedBooter.java:290)
	at org.apache.maven.surefire.booter.ForkedBooter.runSuitesInProcess(ForkedBooter.java:242)
	at org.apache.maven.surefire.booter.ForkedBooter.main(ForkedBooter.java:121)

2016.10.05 02:23:41.903 CAT WARNING: no project instance -- Project.getProjectInstance(DefaultKnowledgeBase(KB_391359))
2016.10.05 02:23:41.903 CAT WARNING: no project instance -- Project.getProjectInstance(DefaultKnowledgeBase(KB_391359))
2016.10.05 02:23:42.386 CAT SEVERE: Error loading instances -- edu.stanford.smi.protege.storage.clips.ParseException: Encountered "<?xml" at line 1, column 1.
Was expecting one of:
    <EOF> 
    "(" ...
    ";+" ...
    
	at edu.stanford.smi.protege.storage.clips.Parser.generateParseException(Unknown Source)
	at edu.stanford.smi.protege.storage.clips.Parser.jj_consume_token(Unknown Source)
	at edu.stanford.smi.protege.storage.clips.Parser.parseKnowledgeBase(Unknown Source)
	at edu.stanford.smi.protege.storage.clips.Parser.loadInstances(Unknown Source)
	at edu.stanford.smi.protege.storage.clips.ClipsKnowledgeBaseFactory.loadKnowledgeBase(Unknown Source)
	at edu.stanford.smi.protege.storage.clips.ClipsKnowledgeBaseFactory.loadKnowledgeBase(Unknown Source)
	at edu.stanford.smi.protege.model.Project.loadProjectKB(Unknown Source)
	at edu.stanford.smi.protege.model.Project.<init>(Unknown Source)
	at edu.stanford.smi.protege.model.Project.<init>(Unknown Source)
	at edu.stanford.smi.protege.model.Project.loadProjectFromURI(Unknown Source)
	at edu.stanford.smi.protege.ui.ProjectManager.loadProjectFromURI(Unknown Source)
	at edu.stanford.smi.protege.ui.ProjectManager.loadProject(Unknown Source)
	at org.protege.ontoviz.OntoVizActionsTest.testHori(OntoVizActionsTest.java:36)
	at sun.reflect.NativeMethodAccessorImpl.invoke0(Native Method)
	at sun.reflect.NativeMethodAccessorImpl.invoke(NativeMethodAccessorImpl.java:62)
	at sun.reflect.DelegatingMethodAccessorImpl.invoke(DelegatingMethodAccessorImpl.java:43)
	at java.lang.reflect.Method.invoke(Method.java:498)
	at junit.framework.TestCase.runTest(TestCase.java:168)
	at junit.framework.TestCase.runBare(TestCase.java:134)
	at junit.framework.TestResult$1.protect(TestResult.java:110)
	at junit.framework.TestResult.runProtected(TestResult.java:128)
	at junit.framework.TestResult.run(TestResult.java:113)
	at junit.framework.TestCase.run(TestCase.java:124)
	at junit.framework.TestSuite.runTest(TestSuite.java:232)
	at junit.framework.TestSuite.run(TestSuite.java:227)
	at junit.framework.TestSuite.runTest(TestSuite.java:232)
	at junit.framework.TestSuite.run(TestSuite.java:227)
	at org.junit.internal.runners.JUnit38ClassRunner.run(JUnit38ClassRunner.java:79)
	at org.apache.maven.surefire.junit4.JUnit4Provider.execute(JUnit4Provider.java:367)
	at org.apache.maven.surefire.junit4.JUnit4Provider.executeWithRerun(JUnit4Provider.java:274)
	at org.apache.maven.surefire.junit4.JUnit4Provider.executeTestSet(JUnit4Provider.java:238)
	at org.apache.maven.surefire.junit4.JUnit4Provider.invoke(JUnit4Provider.java:161)
	at org.apache.maven.surefire.booter.ForkedBooter.invokeProviderInSameClassLoader(ForkedBooter.java:290)
	at org.apache.maven.surefire.booter.ForkedBooter.runSuitesInProcess(ForkedBooter.java:242)
	at org.apache.maven.surefire.booter.ForkedBooter.main(ForkedBooter.java:121)

2016.10.05 02:23:42.387 CAT WARNING: no project instance -- Project.getProjectInstance(DefaultKnowledgeBase(KB_874124))
2016.10.05 02:23:42.388 CAT WARNING: no project instance -- Project.getProjectInstance(DefaultKnowledgeBase(KB_874124))
2016.10.05 02:24:42.400 CAT INFO: *** SYSTEM START ***
2016.10.05 02:24:42.404 CAT CONFIG: Protege 3.0 Build 141, JVM 1.8.0_101-b13, memory=934M, Windows 10, encoding=UTF-8, language=en, country=ZA -- SystemUtilities.logSystemInfo()
2016.10.05 02:24:42.407 CAT WARNING: Look and feel not found: com.jgoodies.plaf.plastic.PlasticLookAndFeel -- SystemUtilities.loadLookAndFeel()
2016.10.05 02:24:42.436 CAT WARNING: Plugins directory not found: C:\Users\musax\Documents\GitHub\ontoviz\plugins -- PluginUtilities.getPluginsDir()
2016.10.05 02:24:44.833 CAT WARNING: missing bundle -- BundleHelper.BundleHelper(protege_text, class edu.stanford.smi.protege.resource.LocalizedText)
2016.10.05 02:24:46.619 CAT INFO: Load time for file:\C:\Users\musax\AppData\Local\Temp\test\test6753208874284769786.pprj = 0 sec (project) + 1 sec (ui) -- ProjectManager$2.run()
2016.10.05 02:26:00.452 CAT INFO: *** SYSTEM START ***
2016.10.05 02:26:00.457 CAT CONFIG: Protege 3.0 Build 141, JVM 1.8.0_101-b13, memory=934M, Windows 10, encoding=UTF-8, language=en, country=ZA -- SystemUtilities.logSystemInfo()
2016.10.05 02:26:00.459 CAT WARNING: Look and feel not found: com.jgoodies.plaf.plastic.PlasticLookAndFeel -- SystemUtilities.loadLookAndFeel()
2016.10.05 02:26:00.491 CAT WARNING: Plugins directory not found: C:\Users\musax\Documents\GitHub\ontoviz\plugins -- PluginUtilities.getPluginsDir()
2016.10.05 02:26:02.292 CAT WARNING: missing bundle -- BundleHelper.BundleHelper(protege_text, class edu.stanford.smi.protege.resource.LocalizedText)
2016.10.05 02:26:04.024 CAT INFO: Load time for file:\C:\Users\musax\AppData\Local\Temp\test\test3582900415408381112.pprj = 0 sec (project) + 1 sec (ui) -- ProjectManager$2.run()
2016.10.05 07:26:09.331 CAT INFO: *** SYSTEM START ***
2016.10.05 07:26:09.341 CAT CONFIG: Protege 3.0 Build 141, JVM 1.8.0_101-b13, memory=934M, Windows 10, encoding=UTF-8, language=en, country=ZA -- SystemUtilities.logSystemInfo()
2016.10.05 07:26:09.341 CAT WARNING: Look and feel not found: com.jgoodies.plaf.plastic.PlasticLookAndFeel -- SystemUtilities.loadLookAndFeel()
2016.10.05 07:26:09.375 CAT WARNING: Plugins directory not found: C:\Users\musax\Documents\GitHub\ontoviz\plugins -- PluginUtilities.getPluginsDir()
2016.10.05 07:26:10.932 CAT WARNING: missing bundle -- BundleHelper.BundleHelper(protege_text, class edu.stanford.smi.protege.resource.LocalizedText)
2016.10.05 07:26:12.442 CAT INFO: Load time for file:\C:\Users\musax\AppData\Local\Temp\test\test8646703862975406036.pprj = 0 sec (project) + 1 sec (ui) -- ProjectManager$2.run()
2016.10.05 07:41:39.784 CAT INFO: *** SYSTEM START ***
2016.10.05 07:41:39.788 CAT CONFIG: Protege 3.0 Build 141, JVM 1.8.0_101-b13, memory=934M, Windows 10, encoding=UTF-8, language=en, country=ZA -- SystemUtilities.logSystemInfo()
2016.10.05 07:41:39.792 CAT WARNING: Look and feel not found: com.jgoodies.plaf.plastic.PlasticLookAndFeel -- SystemUtilities.loadLookAndFeel()
2016.10.05 07:41:39.828 CAT WARNING: Plugins directory not found: C:\Users\musax\Documents\GitHub\ontoviz\plugins -- PluginUtilities.getPluginsDir()
2016.10.05 07:41:41.470 CAT WARNING: missing bundle -- BundleHelper.BundleHelper(protege_text, class edu.stanford.smi.protege.resource.LocalizedText)
2016.10.05 07:41:43.137 CAT INFO: Load time for file:\C:\Users\musax\AppData\Local\Temp\test\test8623996622843193981.pprj = 0 sec (project) + 1 sec (ui) -- ProjectManager$2.run()
2016.10.05 09:39:21.413 CAT INFO: *** SYSTEM START ***
2016.10.05 09:39:21.451 CAT CONFIG: Protege 3.0 Build 141, JVM 1.8.0_101-b13, memory=934M, Windows 10, encoding=UTF-8, language=en, country=ZA -- SystemUtilities.logSystemInfo()
2016.10.05 09:39:21.455 CAT WARNING: Look and feel not found: com.jgoodies.plaf.plastic.PlasticLookAndFeel -- SystemUtilities.loadLookAndFeel()
2016.10.05 09:39:21.485 CAT WARNING: Plugins directory not found: C:\Users\musax\Documents\GitHub\ontoviz\plugins -- PluginUtilities.getPluginsDir()
2016.10.05 09:39:24.559 CAT WARNING: missing bundle -- BundleHelper.BundleHelper(protege_text, class edu.stanford.smi.protege.resource.LocalizedText)
2016.10.05 09:39:26.139 CAT INFO: Load time for file:\C:\Users\musax\AppData\Local\Temp\test\test4013905315612742128.pprj = 0 sec (project) + 1 sec (ui) -- ProjectManager$2.run()
2016.10.05 09:43:45.370 CAT INFO: *** SYSTEM START ***
2016.10.05 09:43:45.374 CAT CONFIG: Protege 3.0 Build 141, JVM 1.8.0_101-b13, memory=934M, Windows 10, encoding=UTF-8, language=en, country=ZA -- SystemUtilities.logSystemInfo()
2016.10.05 09:43:45.376 CAT WARNING: Look and feel not found: com.jgoodies.plaf.plastic.PlasticLookAndFeel -- SystemUtilities.loadLookAndFeel()
2016.10.05 09:43:45.402 CAT WARNING: Plugins directory not found: C:\Users\musax\Documents\GitHub\ontoviz\plugins -- PluginUtilities.getPluginsDir()
2016.10.05 09:43:46.928 CAT WARNING: missing bundle -- BundleHelper.BundleHelper(protege_text, class edu.stanford.smi.protege.resource.LocalizedText)
2016.10.05 09:43:48.516 CAT INFO: Load time for file:\C:\Users\musax\AppData\Local\Temp\test\test2428197795159383833.pprj = 0 sec (project) + 1 sec (ui) -- ProjectManager$2.run()
2016.10.05 10:31:34.586 CAT INFO: *** SYSTEM START ***
2016.10.05 10:31:34.591 CAT CONFIG: Protege 3.0 Build 141, JVM 1.8.0_101-b13, memory=934M, Windows 10, encoding=UTF-8, language=en, country=ZA -- SystemUtilities.logSystemInfo()
2016.10.05 10:31:34.595 CAT WARNING: Look and feel not found: com.jgoodies.plaf.plastic.PlasticLookAndFeel -- SystemUtilities.loadLookAndFeel()
2016.10.05 10:31:34.637 CAT WARNING: Plugins directory not found: C:\Users\musax\Documents\GitHub\ontoviz\plugins -- PluginUtilities.getPluginsDir()
2016.10.05 10:31:38.476 CAT WARNING: missing bundle -- BundleHelper.BundleHelper(protege_text, class edu.stanford.smi.protege.resource.LocalizedText)
2016.10.05 10:31:40.939 CAT INFO: Load time for file:\C:\Users\musax\AppData\Local\Temp\test\test5027870799953961393.pprj = 0 sec (project) + 1 sec (ui) -- ProjectManager$2.run()
2016.10.05 10:35:04.790 CAT INFO: *** SYSTEM START ***
2016.10.05 10:35:04.796 CAT CONFIG: Protege 3.0 Build 141, JVM 1.8.0_101-b13, memory=934M, Windows 10, encoding=UTF-8, language=en, country=ZA -- SystemUtilities.logSystemInfo()
2016.10.05 10:35:04.802 CAT WARNING: Look and feel not found: com.jgoodies.plaf.plastic.PlasticLookAndFeel -- SystemUtilities.loadLookAndFeel()
2016.10.05 10:35:04.840 CAT WARNING: Plugins directory not found: C:\Users\musax\Documents\GitHub\ontoviz\plugins -- PluginUtilities.getPluginsDir()
2016.10.05 10:35:06.542 CAT WARNING: missing bundle -- BundleHelper.BundleHelper(protege_text, class edu.stanford.smi.protege.resource.LocalizedText)
2016.10.05 10:35:08.177 CAT INFO: Load time for file:\C:\Users\musax\AppData\Local\Temp\test\test7367384223497412305.pprj = 0 sec (project) + 1 sec (ui) -- ProjectManager$2.run()
2016.10.05 10:36:49.838 CAT INFO: *** SYSTEM START ***
2016.10.05 10:36:49.844 CAT CONFIG: Protege 3.0 Build 141, JVM 1.8.0_101-b13, memory=934M, Windows 10, encoding=UTF-8, language=en, country=ZA -- SystemUtilities.logSystemInfo()
2016.10.05 10:36:49.847 CAT WARNING: Look and feel not found: com.jgoodies.plaf.plastic.PlasticLookAndFeel -- SystemUtilities.loadLookAndFeel()
2016.10.05 10:36:49.890 CAT WARNING: Plugins directory not found: C:\Users\musax\Documents\GitHub\ontoviz\plugins -- PluginUtilities.getPluginsDir()
2016.10.05 10:36:51.655 CAT WARNING: missing bundle -- BundleHelper.BundleHelper(protege_text, class edu.stanford.smi.protege.resource.LocalizedText)
2016.10.05 10:36:53.344 CAT INFO: Load time for file:\C:\Users\musax\AppData\Local\Temp\test\test1109662902712160818.pprj = 0 sec (project) + 1 sec (ui) -- ProjectManager$2.run()
2016.10.05 10:39:29.274 CAT INFO: *** SYSTEM START ***
2016.10.05 10:39:29.282 CAT CONFIG: Protege 3.0 Build 141, JVM 1.8.0_101-b13, memory=934M, Windows 10, encoding=UTF-8, language=en, country=ZA -- SystemUtilities.logSystemInfo()
2016.10.05 10:39:29.285 CAT WARNING: Look and feel not found: com.jgoodies.plaf.plastic.PlasticLookAndFeel -- SystemUtilities.loadLookAndFeel()
2016.10.05 10:39:29.365 CAT WARNING: Plugins directory not found: C:\Users\musax\Documents\GitHub\ontoviz\plugins -- PluginUtilities.getPluginsDir()
2016.10.05 10:39:31.166 CAT WARNING: missing bundle -- BundleHelper.BundleHelper(protege_text, class edu.stanford.smi.protege.resource.LocalizedText)
2016.10.05 10:39:32.764 CAT INFO: Load time for file:\C:\Users\musax\AppData\Local\Temp\test\test6378407808084550399.pprj = 0 sec (project) + 1 sec (ui) -- ProjectManager$2.run()
2016.10.05 10:40:56.097 CAT INFO: *** SYSTEM START ***
2016.10.05 10:40:56.108 CAT CONFIG: Protege 3.0 Build 141, JVM 1.8.0_101-b13, memory=934M, Windows 10, encoding=UTF-8, language=en, country=ZA -- SystemUtilities.logSystemInfo()
2016.10.05 10:40:56.118 CAT WARNING: Look and feel not found: com.jgoodies.plaf.plastic.PlasticLookAndFeel -- SystemUtilities.loadLookAndFeel()
2016.10.05 10:40:56.159 CAT WARNING: Plugins directory not found: C:\Users\musax\Documents\GitHub\ontoviz\plugins -- PluginUtilities.getPluginsDir()
2016.10.05 10:40:57.894 CAT WARNING: missing bundle -- BundleHelper.BundleHelper(protege_text, class edu.stanford.smi.protege.resource.LocalizedText)
2016.10.05 10:40:59.484 CAT INFO: Load time for file:\C:\Users\musax\AppData\Local\Temp\test\test4127874740292468190.pprj = 0 sec (project) + 1 sec (ui) -- ProjectManager$2.run()
2016.10.05 11:35:57.907 CAT INFO: *** SYSTEM START ***
2016.10.05 11:35:57.912 CAT CONFIG: Protege 3.0 Build 141, JVM 1.8.0_101-b13, memory=934M, Windows 10, encoding=UTF-8, language=en, country=ZA -- SystemUtilities.logSystemInfo()
2016.10.05 11:35:57.916 CAT WARNING: Look and feel not found: com.jgoodies.plaf.plastic.PlasticLookAndFeel -- SystemUtilities.loadLookAndFeel()
2016.10.05 11:35:57.950 CAT WARNING: Plugins directory not found: C:\Users\musax\Documents\GitHub\ontoviz\plugins -- PluginUtilities.getPluginsDir()
2016.10.05 11:35:59.691 CAT WARNING: missing bundle -- BundleHelper.BundleHelper(protege_text, class edu.stanford.smi.protege.resource.LocalizedText)
2016.10.05 11:36:01.385 CAT INFO: Load time for file:\C:\Users\musax\AppData\Local\Temp\test\test1176227321285365541.pprj = 0 sec (project) + 1 sec (ui) -- ProjectManager$2.run()
2016.10.05 11:45:17.771 CAT INFO: *** SYSTEM START ***
2016.10.05 11:45:17.775 CAT CONFIG: Protege 3.0 Build 141, JVM 1.8.0_101-b13, memory=934M, Windows 10, encoding=UTF-8, language=en, country=ZA -- SystemUtilities.logSystemInfo()
2016.10.05 11:45:17.781 CAT WARNING: Look and feel not found: com.jgoodies.plaf.plastic.PlasticLookAndFeel -- SystemUtilities.loadLookAndFeel()
2016.10.05 11:45:17.818 CAT WARNING: Plugins directory not found: C:\Users\musax\Documents\GitHub\ontoviz\plugins -- PluginUtilities.getPluginsDir()
2016.10.05 11:45:19.923 CAT WARNING: missing bundle -- BundleHelper.BundleHelper(protege_text, class edu.stanford.smi.protege.resource.LocalizedText)
2016.10.05 11:45:21.880 CAT INFO: Load time for file:\C:\Users\musax\AppData\Local\Temp\test\test5428983205190650994.pprj = 0 sec (project) + 1 sec (ui) -- ProjectManager$2.run()
2016.10.05 11:48:19.148 CAT INFO: *** SYSTEM START ***
2016.10.05 11:48:19.153 CAT CONFIG: Protege 3.0 Build 141, JVM 1.8.0_101-b13, memory=934M, Windows 10, encoding=UTF-8, language=en, country=ZA -- SystemUtilities.logSystemInfo()
2016.10.05 11:48:19.158 CAT WARNING: Look and feel not found: com.jgoodies.plaf.plastic.PlasticLookAndFeel -- SystemUtilities.loadLookAndFeel()
2016.10.05 11:48:19.196 CAT WARNING: Plugins directory not found: C:\Users\musax\Documents\GitHub\ontoviz\plugins -- PluginUtilities.getPluginsDir()
2016.10.05 11:48:21.157 CAT WARNING: missing bundle -- BundleHelper.BundleHelper(protege_text, class edu.stanford.smi.protege.resource.LocalizedText)
2016.10.05 11:48:22.751 CAT INFO: Load time for file:\C:\Users\musax\AppData\Local\Temp\test\test6511857577547217305.pprj = 0 sec (project) + 1 sec (ui) -- ProjectManager$2.run()
2016.10.05 11:51:32.678 CAT INFO: *** SYSTEM START ***
2016.10.05 11:51:32.682 CAT CONFIG: Protege 3.0 Build 141, JVM 1.8.0_101-b13, memory=934M, Windows 10, encoding=UTF-8, language=en, country=ZA -- SystemUtilities.logSystemInfo()
2016.10.05 11:51:32.685 CAT WARNING: Look and feel not found: com.jgoodies.plaf.plastic.PlasticLookAndFeel -- SystemUtilities.loadLookAndFeel()
2016.10.05 11:51:32.712 CAT WARNING: Plugins directory not found: C:\Users\musax\Documents\GitHub\ontoviz\plugins -- PluginUtilities.getPluginsDir()
2016.10.05 11:51:34.324 CAT WARNING: missing bundle -- BundleHelper.BundleHelper(protege_text, class edu.stanford.smi.protege.resource.LocalizedText)
2016.10.05 11:51:35.892 CAT INFO: Load time for file:\C:\Users\musax\AppData\Local\Temp\test\test6309484670431798427.pprj = 0 sec (project) + 1 sec (ui) -- ProjectManager$2.run()
2016.10.05 11:55:48.768 CAT INFO: *** SYSTEM START ***
2016.10.05 11:55:48.772 CAT CONFIG: Protege 3.0 Build 141, JVM 1.8.0_101-b13, memory=934M, Windows 10, encoding=UTF-8, language=en, country=ZA -- SystemUtilities.logSystemInfo()
2016.10.05 11:55:48.774 CAT WARNING: Look and feel not found: com.jgoodies.plaf.plastic.PlasticLookAndFeel -- SystemUtilities.loadLookAndFeel()
2016.10.05 11:55:48.806 CAT WARNING: Plugins directory not found: C:\Users\musax\Documents\GitHub\ontoviz\plugins -- PluginUtilities.getPluginsDir()
2016.10.05 11:55:50.449 CAT WARNING: missing bundle -- BundleHelper.BundleHelper(protege_text, class edu.stanford.smi.protege.resource.LocalizedText)
2016.10.05 11:55:52.052 CAT INFO: Load time for file:\C:\Users\musax\AppData\Local\Temp\test\test3347507120680471170.pprj = 0 sec (project) + 1 sec (ui) -- ProjectManager$2.run()
2016.10.05 12:08:17.176 CAT INFO: *** SYSTEM START ***
2016.10.05 12:08:17.185 CAT CONFIG: Protege 3.0 Build 141, JVM 1.8.0_101-b13, memory=934M, Windows 10, encoding=UTF-8, language=en, country=ZA -- SystemUtilities.logSystemInfo()
2016.10.05 12:08:17.191 CAT WARNING: Look and feel not found: com.jgoodies.plaf.plastic.PlasticLookAndFeel -- SystemUtilities.loadLookAndFeel()
2016.10.05 12:08:17.266 CAT WARNING: Plugins directory not found: C:\Users\musax\Documents\GitHub\ontoviz\plugins -- PluginUtilities.getPluginsDir()
2016.10.05 12:08:19.319 CAT WARNING: missing bundle -- BundleHelper.BundleHelper(protege_text, class edu.stanford.smi.protege.resource.LocalizedText)
2016.10.05 12:08:20.940 CAT INFO: Load time for file:\C:\Users\musax\AppData\Local\Temp\test\test5561914769359414705.pprj = 0 sec (project) + 1 sec (ui) -- ProjectManager$2.run()
2016.10.05 12:32:27.729 CAT INFO: *** SYSTEM START ***
2016.10.05 12:32:27.736 CAT CONFIG: Protege 3.0 Build 141, JVM 1.8.0_101-b13, memory=934M, Windows 10, encoding=UTF-8, language=en, country=ZA -- SystemUtilities.logSystemInfo()
2016.10.05 12:32:27.741 CAT WARNING: Look and feel not found: com.jgoodies.plaf.plastic.PlasticLookAndFeel -- SystemUtilities.loadLookAndFeel()
2016.10.05 12:32:27.775 CAT WARNING: Plugins directory not found: C:\Users\musax\Documents\GitHub\ontoviz\plugins -- PluginUtilities.getPluginsDir()
2016.10.05 12:32:29.501 CAT WARNING: missing bundle -- BundleHelper.BundleHelper(protege_text, class edu.stanford.smi.protege.resource.LocalizedText)
2016.10.05 12:32:31.166 CAT INFO: Load time for file:\C:\Users\musax\AppData\Local\Temp\test\test5007909099010904201.pprj = 0 sec (project) + 1 sec (ui) -- ProjectManager$2.run()
2016.10.05 12:45:12.919 CAT INFO: *** SYSTEM START ***
2016.10.05 12:45:12.936 CAT CONFIG: Protege 3.0 Build 141, JVM 1.8.0_101-b13, memory=934M, Windows 10, encoding=UTF-8, language=en, country=ZA -- SystemUtilities.logSystemInfo()
2016.10.05 12:45:12.939 CAT WARNING: Look and feel not found: com.jgoodies.plaf.plastic.PlasticLookAndFeel -- SystemUtilities.loadLookAndFeel()
2016.10.05 12:45:12.972 CAT WARNING: Plugins directory not found: C:\Users\musax\Documents\GitHub\ontoviz\plugins -- PluginUtilities.getPluginsDir()
2016.10.05 12:45:14.671 CAT WARNING: missing bundle -- BundleHelper.BundleHelper(protege_text, class edu.stanford.smi.protege.resource.LocalizedText)
2016.10.05 12:45:16.393 CAT INFO: Load time for file:\C:\Users\musax\AppData\Local\Temp\test\test1224096999661247893.pprj = 0 sec (project) + 1 sec (ui) -- ProjectManager$2.run()
2016.10.05 12:47:11.402 CAT INFO: *** SYSTEM START ***
2016.10.05 12:47:11.405 CAT CONFIG: Protege 3.0 Build 141, JVM 1.8.0_101-b13, memory=934M, Windows 10, encoding=UTF-8, language=en, country=ZA -- SystemUtilities.logSystemInfo()
2016.10.05 12:47:11.408 CAT WARNING: Look and feel not found: com.jgoodies.plaf.plastic.PlasticLookAndFeel -- SystemUtilities.loadLookAndFeel()
2016.10.05 12:47:11.437 CAT WARNING: Plugins directory not found: C:\Users\musax\Documents\GitHub\ontoviz\plugins -- PluginUtilities.getPluginsDir()
2016.10.05 12:47:12.998 CAT WARNING: missing bundle -- BundleHelper.BundleHelper(protege_text, class edu.stanford.smi.protege.resource.LocalizedText)
2016.10.05 12:47:14.582 CAT INFO: Load time for file:\C:\Users\musax\AppData\Local\Temp\test\test2958149737322001724.pprj = 0 sec (project) + 1 sec (ui) -- ProjectManager$2.run()
2016.10.05 12:49:08.727 CAT INFO: *** SYSTEM START ***
2016.10.05 12:49:08.732 CAT CONFIG: Protege 3.0 Build 141, JVM 1.8.0_101-b13, memory=934M, Windows 10, encoding=UTF-8, language=en, country=ZA -- SystemUtilities.logSystemInfo()
2016.10.05 12:49:08.736 CAT WARNING: Look and feel not found: com.jgoodies.plaf.plastic.PlasticLookAndFeel -- SystemUtilities.loadLookAndFeel()
2016.10.05 12:49:08.772 CAT WARNING: Plugins directory not found: C:\Users\musax\Documents\GitHub\ontoviz\plugins -- PluginUtilities.getPluginsDir()
2016.10.05 12:49:10.753 CAT WARNING: missing bundle -- BundleHelper.BundleHelper(protege_text, class edu.stanford.smi.protege.resource.LocalizedText)
2016.10.05 12:49:12.720 CAT INFO: Load time for file:\C:\Users\musax\AppData\Local\Temp\test\test4956679741804026324.pprj = 0 sec (project) + 1 sec (ui) -- ProjectManager$2.run()
2016.10.16 14:51:52.933 CAT INFO: *** SYSTEM START ***
2016.10.16 14:51:52.937 CAT CONFIG: Protege 3.0 Build 141, JVM 1.8.0_101-b13, memory=934M, Windows 10, encoding=UTF-8, language=en, country=ZA -- SystemUtilities.logSystemInfo()
2016.10.16 14:51:52.941 CAT WARNING: Look and feel not found: com.jgoodies.plaf.plastic.PlasticLookAndFeel -- SystemUtilities.loadLookAndFeel()
2016.10.16 14:51:52.978 CAT WARNING: Plugins directory not found: C:\Users\musax\Documents\GitHub\ontoviz\plugins -- PluginUtilities.getPluginsDir()
2016.10.16 14:51:55.089 CAT WARNING: missing bundle -- BundleHelper.BundleHelper(protege_text, class edu.stanford.smi.protege.resource.LocalizedText)
2016.10.16 14:51:57.085 CAT INFO: Load time for file:\C:\Users\musax\AppData\Local\Temp\test\test3800343355018231352.pprj = 0 sec (project) + 1 sec (ui) -- ProjectManager$2.run()
2016.10.16 14:58:00.295 CAT INFO: *** SYSTEM START ***
2016.10.16 14:58:00.300 CAT CONFIG: Protege 3.0 Build 141, JVM 1.8.0_101-b13, memory=934M, Windows 10, encoding=UTF-8, language=en, country=ZA -- SystemUtilities.logSystemInfo()
2016.10.16 14:58:00.302 CAT WARNING: Look and feel not found: com.jgoodies.plaf.plastic.PlasticLookAndFeel -- SystemUtilities.loadLookAndFeel()
2016.10.16 14:58:00.336 CAT WARNING: Plugins directory not found: C:\Users\musax\Documents\GitHub\ontoviz\plugins -- PluginUtilities.getPluginsDir()
2016.10.16 14:58:01.905 CAT WARNING: missing bundle -- BundleHelper.BundleHelper(protege_text, class edu.stanford.smi.protege.resource.LocalizedText)
2016.10.16 14:58:03.500 CAT INFO: Load time for file:\C:\Users\musax\AppData\Local\Temp\test\test2694658425044234981.pprj = 0 sec (project) + 1 sec (ui) -- ProjectManager$2.run()
2016.10.16 14:59:32.460 CAT INFO: *** SYSTEM START ***
2016.10.16 14:59:32.469 CAT CONFIG: Protege 3.0 Build 141, JVM 1.8.0_101-b13, memory=934M, Windows 10, encoding=UTF-8, language=en, country=ZA -- SystemUtilities.logSystemInfo()
2016.10.16 14:59:32.474 CAT WARNING: Look and feel not found: com.jgoodies.plaf.plastic.PlasticLookAndFeel -- SystemUtilities.loadLookAndFeel()
2016.10.16 14:59:32.501 CAT WARNING: Plugins directory not found: C:\Users\musax\Documents\GitHub\ontoviz\plugins -- PluginUtilities.getPluginsDir()
2016.10.16 14:59:34.544 CAT WARNING: missing bundle -- BundleHelper.BundleHelper(protege_text, class edu.stanford.smi.protege.resource.LocalizedText)
2016.10.16 14:59:36.401 CAT INFO: Load time for file:\C:\Users\musax\AppData\Local\Temp\test\test4105361384953421241.pprj = 0 sec (project) + 1 sec (ui) -- ProjectManager$2.run()
2016.10.16 15:01:39.683 CAT INFO: *** SYSTEM START ***
2016.10.16 15:01:39.698 CAT CONFIG: Protege 3.0 Build 141, JVM 1.8.0_101-b13, memory=934M, Windows 10, encoding=UTF-8, language=en, country=ZA -- SystemUtilities.logSystemInfo()
2016.10.16 15:01:39.710 CAT WARNING: Look and feel not found: com.jgoodies.plaf.plastic.PlasticLookAndFeel -- SystemUtilities.loadLookAndFeel()
2016.10.16 15:01:39.756 CAT WARNING: Plugins directory not found: C:\Users\musax\Documents\GitHub\ontoviz\plugins -- PluginUtilities.getPluginsDir()
2016.10.16 15:01:42.001 CAT WARNING: missing bundle -- BundleHelper.BundleHelper(protege_text, class edu.stanford.smi.protege.resource.LocalizedText)
2016.10.16 15:01:43.745 CAT INFO: Load time for file:\C:\Users\musax\AppData\Local\Temp\test\test4536573826888942020.pprj = 0 sec (project) + 1 sec (ui) -- ProjectManager$2.run()
2016.10.16 15:58:17.263 CAT INFO: *** SYSTEM START ***
2016.10.16 15:58:17.273 CAT CONFIG: Protege 3.0 Build 141, JVM 1.8.0_101-b13, memory=934M, Windows 10, encoding=UTF-8, language=en, country=ZA -- SystemUtilities.logSystemInfo()
2016.10.16 15:58:17.279 CAT WARNING: Look and feel not found: com.jgoodies.plaf.plastic.PlasticLookAndFeel -- SystemUtilities.loadLookAndFeel()
2016.10.16 15:58:17.311 CAT WARNING: Plugins directory not found: C:\Users\musax\Documents\GitHub\ontoviz\plugins -- PluginUtilities.getPluginsDir()
2016.10.16 15:58:18.922 CAT WARNING: missing bundle -- BundleHelper.BundleHelper(protege_text, class edu.stanford.smi.protege.resource.LocalizedText)
2016.10.16 15:58:20.500 CAT INFO: Load time for file:\C:\Users\musax\AppData\Local\Temp\test\test920223520079107281.pprj = 0 sec (project) + 1 sec (ui) -- ProjectManager$2.run()
2016.10.16 16:03:04.326 CAT INFO: *** SYSTEM START ***
2016.10.16 16:03:04.335 CAT CONFIG: Protege 3.0 Build 141, JVM 1.8.0_101-b13, memory=934M, Windows 10, encoding=UTF-8, language=en, country=ZA -- SystemUtilities.logSystemInfo()
2016.10.16 16:03:04.348 CAT WARNING: Look and feel not found: com.jgoodies.plaf.plastic.PlasticLookAndFeel -- SystemUtilities.loadLookAndFeel()
2016.10.16 16:03:04.388 CAT WARNING: Plugins directory not found: C:\Users\musax\Documents\GitHub\ontoviz\plugins -- PluginUtilities.getPluginsDir()
2016.10.16 16:03:06.299 CAT WARNING: missing bundle -- BundleHelper.BundleHelper(protege_text, class edu.stanford.smi.protege.resource.LocalizedText)
2016.10.16 16:03:08.198 CAT INFO: Load time for file:\C:\Users\musax\AppData\Local\Temp\test\test479359431009254034.pprj = 0 sec (project) + 1 sec (ui) -- ProjectManager$2.run()
2016.10.16 16:03:46.426 CAT INFO: *** SYSTEM START ***
2016.10.16 16:03:46.432 CAT CONFIG: Protege 3.0 Build 141, JVM 1.8.0_101-b13, memory=934M, Windows 10, encoding=UTF-8, language=en, country=ZA -- SystemUtilities.logSystemInfo()
2016.10.16 16:03:46.440 CAT WARNING: Look and feel not found: com.jgoodies.plaf.plastic.PlasticLookAndFeel -- SystemUtilities.loadLookAndFeel()
2016.10.16 16:03:46.489 CAT WARNING: Plugins directory not found: C:\Users\musax\Documents\GitHub\ontoviz\plugins -- PluginUtilities.getPluginsDir()
2016.10.16 16:03:48.310 CAT WARNING: missing bundle -- BundleHelper.BundleHelper(protege_text, class edu.stanford.smi.protege.resource.LocalizedText)
2016.10.16 16:03:50.278 CAT INFO: Load time for file:\C:\Users\musax\AppData\Local\Temp\test\test4179909630916736973.pprj = 0 sec (project) + 1 sec (ui) -- ProjectManager$2.run()
2016.10.16 16:06:47.342 CAT INFO: *** SYSTEM START ***
2016.10.16 16:06:47.357 CAT CONFIG: Protege 3.0 Build 141, JVM 1.8.0_101-b13, memory=934M, Windows 10, encoding=UTF-8, language=en, country=ZA -- SystemUtilities.logSystemInfo()
2016.10.16 16:06:47.370 CAT WARNING: Look and feel not found: com.jgoodies.plaf.plastic.PlasticLookAndFeel -- SystemUtilities.loadLookAndFeel()
2016.10.16 16:06:47.413 CAT WARNING: Plugins directory not found: C:\Users\musax\Documents\GitHub\ontoviz\plugins -- PluginUtilities.getPluginsDir()
2016.10.16 16:06:49.566 CAT WARNING: missing bundle -- BundleHelper.BundleHelper(protege_text, class edu.stanford.smi.protege.resource.LocalizedText)
2016.10.16 16:06:51.451 CAT INFO: Load time for file:\C:\Users\musax\AppData\Local\Temp\test\test7023062680515886256.pprj = 0 sec (project) + 1 sec (ui) -- ProjectManager$2.run()
2016.10.16 16:14:39.694 CAT INFO: *** SYSTEM START ***
2016.10.16 16:14:39.701 CAT CONFIG: Protege 3.0 Build 141, JVM 1.8.0_101-b13, memory=934M, Windows 10, encoding=UTF-8, language=en, country=ZA -- SystemUtilities.logSystemInfo()
2016.10.16 16:14:39.711 CAT WARNING: Look and feel not found: com.jgoodies.plaf.plastic.PlasticLookAndFeel -- SystemUtilities.loadLookAndFeel()
2016.10.16 16:14:39.742 CAT WARNING: Plugins directory not found: C:\Users\musax\Documents\GitHub\ontoviz\plugins -- PluginUtilities.getPluginsDir()
2016.10.16 16:14:41.574 CAT WARNING: missing bundle -- BundleHelper.BundleHelper(protege_text, class edu.stanford.smi.protege.resource.LocalizedText)
2016.10.16 16:14:43.330 CAT INFO: Load time for file:\C:\Users\musax\AppData\Local\Temp\test\test6924582849782287428.pprj = 0 sec (project) + 1 sec (ui) -- ProjectManager$2.run()
2016.10.16 16:15:45.324 CAT INFO: *** SYSTEM START ***
2016.10.16 16:15:45.335 CAT CONFIG: Protege 3.0 Build 141, JVM 1.8.0_101-b13, memory=934M, Windows 10, encoding=UTF-8, language=en, country=ZA -- SystemUtilities.logSystemInfo()
2016.10.16 16:15:45.342 CAT WARNING: Look and feel not found: com.jgoodies.plaf.plastic.PlasticLookAndFeel -- SystemUtilities.loadLookAndFeel()
2016.10.16 16:15:45.388 CAT WARNING: Plugins directory not found: C:\Users\musax\Documents\GitHub\ontoviz\plugins -- PluginUtilities.getPluginsDir()
2016.10.16 16:15:47.725 CAT WARNING: missing bundle -- BundleHelper.BundleHelper(protege_text, class edu.stanford.smi.protege.resource.LocalizedText)
2016.10.16 16:15:50.085 CAT INFO: Load time for file:\C:\Users\musax\AppData\Local\Temp\test\test8340832452246675581.pprj = 0 sec (project) + 1 sec (ui) -- ProjectManager$2.run()
2016.10.16 16:17:43.162 CAT INFO: *** SYSTEM START ***
2016.10.16 16:17:43.167 CAT CONFIG: Protege 3.0 Build 141, JVM 1.8.0_101-b13, memory=934M, Windows 10, encoding=UTF-8, language=en, country=ZA -- SystemUtilities.logSystemInfo()
2016.10.16 16:17:43.171 CAT WARNING: Look and feel not found: com.jgoodies.plaf.plastic.PlasticLookAndFeel -- SystemUtilities.loadLookAndFeel()
2016.10.16 16:17:43.207 CAT WARNING: Plugins directory not found: C:\Users\musax\Documents\GitHub\ontoviz\plugins -- PluginUtilities.getPluginsDir()
2016.10.16 16:17:45.060 CAT WARNING: missing bundle -- BundleHelper.BundleHelper(protege_text, class edu.stanford.smi.protege.resource.LocalizedText)
2016.10.16 16:17:46.842 CAT INFO: Load time for file:\C:\Users\musax\AppData\Local\Temp\test\test4110736419900428383.pprj = 0 sec (project) + 1 sec (ui) -- ProjectManager$2.run()
2016.10.16 16:18:14.295 CAT INFO: *** SYSTEM START ***
2016.10.16 16:18:14.299 CAT CONFIG: Protege 3.0 Build 141, JVM 1.8.0_101-b13, memory=934M, Windows 10, encoding=UTF-8, language=en, country=ZA -- SystemUtilities.logSystemInfo()
2016.10.16 16:18:14.302 CAT WARNING: Look and feel not found: com.jgoodies.plaf.plastic.PlasticLookAndFeel -- SystemUtilities.loadLookAndFeel()
2016.10.16 16:18:14.348 CAT WARNING: Plugins directory not found: C:\Users\musax\Documents\GitHub\ontoviz\plugins -- PluginUtilities.getPluginsDir()
2016.10.16 16:18:16.426 CAT WARNING: missing bundle -- BundleHelper.BundleHelper(protege_text, class edu.stanford.smi.protege.resource.LocalizedText)
2016.10.16 16:18:18.214 CAT INFO: Load time for file:\C:\Users\musax\AppData\Local\Temp\test\test5536828447082128678.pprj = 0 sec (project) + 1 sec (ui) -- ProjectManager$2.run()
2016.10.16 16:20:28.224 CAT INFO: *** SYSTEM START ***
2016.10.16 16:20:28.231 CAT CONFIG: Protege 3.0 Build 141, JVM 1.8.0_101-b13, memory=934M, Windows 10, encoding=UTF-8, language=en, country=ZA -- SystemUtilities.logSystemInfo()
2016.10.16 16:20:28.238 CAT WARNING: Look and feel not found: com.jgoodies.plaf.plastic.PlasticLookAndFeel -- SystemUtilities.loadLookAndFeel()
2016.10.16 16:20:28.282 CAT WARNING: Plugins directory not found: C:\Users\musax\Documents\GitHub\ontoviz\plugins -- PluginUtilities.getPluginsDir()
2016.10.16 16:20:30.542 CAT WARNING: missing bundle -- BundleHelper.BundleHelper(protege_text, class edu.stanford.smi.protege.resource.LocalizedText)
2016.10.16 16:20:32.745 CAT INFO: Load time for file:\C:\Users\musax\AppData\Local\Temp\test\test5865453060757183641.pprj = 0 sec (project) + 1 sec (ui) -- ProjectManager$2.run()
2016.10.16 16:21:40.657 CAT INFO: *** SYSTEM START ***
2016.10.16 16:21:40.663 CAT CONFIG: Protege 3.0 Build 141, JVM 1.8.0_101-b13, memory=934M, Windows 10, encoding=UTF-8, language=en, country=ZA -- SystemUtilities.logSystemInfo()
2016.10.16 16:21:40.679 CAT WARNING: Look and feel not found: com.jgoodies.plaf.plastic.PlasticLookAndFeel -- SystemUtilities.loadLookAndFeel()
2016.10.16 16:21:40.724 CAT WARNING: Plugins directory not found: C:\Users\musax\Documents\GitHub\ontoviz\plugins -- PluginUtilities.getPluginsDir()
2016.10.16 16:21:42.989 CAT WARNING: missing bundle -- BundleHelper.BundleHelper(protege_text, class edu.stanford.smi.protege.resource.LocalizedText)
2016.10.16 16:21:45.029 CAT INFO: Load time for file:\C:\Users\musax\AppData\Local\Temp\test\test5100336995193053192.pprj = 0 sec (project) + 1 sec (ui) -- ProjectManager$2.run()
2016.10.16 16:23:07.808 CAT INFO: *** SYSTEM START ***
2016.10.16 16:23:07.815 CAT CONFIG: Protege 3.0 Build 141, JVM 1.8.0_101-b13, memory=934M, Windows 10, encoding=UTF-8, language=en, country=ZA -- SystemUtilities.logSystemInfo()
2016.10.16 16:23:07.820 CAT WARNING: Look and feel not found: com.jgoodies.plaf.plastic.PlasticLookAndFeel -- SystemUtilities.loadLookAndFeel()
2016.10.16 16:23:07.851 CAT WARNING: Plugins directory not found: C:\Users\musax\Documents\GitHub\ontoviz\plugins -- PluginUtilities.getPluginsDir()
2016.10.16 16:23:09.601 CAT WARNING: missing bundle -- BundleHelper.BundleHelper(protege_text, class edu.stanford.smi.protege.resource.LocalizedText)
2016.10.16 16:23:11.408 CAT INFO: Load time for file:\C:\Users\musax\AppData\Local\Temp\test\test6005666285961137787.pprj = 0 sec (project) + 1 sec (ui) -- ProjectManager$2.run()
2016.10.16 16:24:14.555 CAT INFO: *** SYSTEM START ***
2016.10.16 16:24:14.562 CAT CONFIG: Protege 3.0 Build 141, JVM 1.8.0_101-b13, memory=934M, Windows 10, encoding=UTF-8, language=en, country=ZA -- SystemUtilities.logSystemInfo()
2016.10.16 16:24:14.570 CAT WARNING: Look and feel not found: com.jgoodies.plaf.plastic.PlasticLookAndFeel -- SystemUtilities.loadLookAndFeel()
2016.10.16 16:24:14.604 CAT WARNING: Plugins directory not found: C:\Users\musax\Documents\GitHub\ontoviz\plugins -- PluginUtilities.getPluginsDir()
2016.10.16 16:24:16.406 CAT WARNING: missing bundle -- BundleHelper.BundleHelper(protege_text, class edu.stanford.smi.protege.resource.LocalizedText)
2016.10.16 16:24:18.206 CAT INFO: Load time for file:\C:\Users\musax\AppData\Local\Temp\test\test700265231650180316.pprj = 0 sec (project) + 1 sec (ui) -- ProjectManager$2.run()
2016.10.16 16:26:16.178 CAT INFO: *** SYSTEM START ***
2016.10.16 16:26:16.189 CAT CONFIG: Protege 3.0 Build 141, JVM 1.8.0_101-b13, memory=934M, Windows 10, encoding=UTF-8, language=en, country=ZA -- SystemUtilities.logSystemInfo()
2016.10.16 16:26:16.195 CAT WARNING: Look and feel not found: com.jgoodies.plaf.plastic.PlasticLookAndFeel -- SystemUtilities.loadLookAndFeel()
2016.10.16 16:26:16.247 CAT WARNING: Plugins directory not found: C:\Users\musax\Documents\GitHub\ontoviz\plugins -- PluginUtilities.getPluginsDir()
2016.10.16 16:26:18.550 CAT WARNING: missing bundle -- BundleHelper.BundleHelper(protege_text, class edu.stanford.smi.protege.resource.LocalizedText)
2016.10.16 16:26:20.450 CAT INFO: Load time for file:\C:\Users\musax\AppData\Local\Temp\test\test310109795121992427.pprj = 0 sec (project) + 1 sec (ui) -- ProjectManager$2.run()
2016.10.16 16:28:16.539 CAT INFO: *** SYSTEM START ***
2016.10.16 16:28:16.549 CAT CONFIG: Protege 3.0 Build 141, JVM 1.8.0_101-b13, memory=934M, Windows 10, encoding=UTF-8, language=en, country=ZA -- SystemUtilities.logSystemInfo()
2016.10.16 16:28:16.557 CAT WARNING: Look and feel not found: com.jgoodies.plaf.plastic.PlasticLookAndFeel -- SystemUtilities.loadLookAndFeel()
2016.10.16 16:28:16.595 CAT WARNING: Plugins directory not found: C:\Users\musax\Documents\GitHub\ontoviz\plugins -- PluginUtilities.getPluginsDir()
2016.10.16 16:28:18.722 CAT WARNING: missing bundle -- BundleHelper.BundleHelper(protege_text, class edu.stanford.smi.protege.resource.LocalizedText)
2016.10.16 16:28:20.472 CAT INFO: Load time for file:\C:\Users\musax\AppData\Local\Temp\test\test7477647487121133117.pprj = 0 sec (project) + 1 sec (ui) -- ProjectManager$2.run()
2016.10.16 16:36:48.217 CAT INFO: *** SYSTEM START ***
2016.10.16 16:36:48.222 CAT CONFIG: Protege 3.0 Build 141, JVM 1.8.0_101-b13, memory=934M, Windows 10, encoding=UTF-8, language=en, country=ZA -- SystemUtilities.logSystemInfo()
2016.10.16 16:36:48.225 CAT WARNING: Look and feel not found: com.jgoodies.plaf.plastic.PlasticLookAndFeel -- SystemUtilities.loadLookAndFeel()
2016.10.16 16:36:48.262 CAT WARNING: Plugins directory not found: C:\Users\musax\Documents\GitHub\ontoviz\plugins -- PluginUtilities.getPluginsDir()
2016.10.16 16:36:49.837 CAT WARNING: missing bundle -- BundleHelper.BundleHelper(protege_text, class edu.stanford.smi.protege.resource.LocalizedText)
2016.10.16 16:36:51.383 CAT INFO: Load time for file:\C:\Users\musax\AppData\Local\Temp\test\test1570283040520018350.pprj = 0 sec (project) + 1 sec (ui) -- ProjectManager$2.run()
